<?xml version="1.0" encoding="UTF-8"?>
<!-- Generated by org.testng.reporters.JUnitReportReporter -->
<testsuite hostname="DESKTOP-9349TGQ" failures="0" tests="1" name="testNgImplementationWithAssert.CreateOrgWithTypeAndIndustryTest" time="15.122" errors="0" timestamp="2024-08-05T10:40:17 IST" skipped="0">
  <testcase classname="testNgImplementationWithAssert.CreateOrgWithTypeAndIndustryTest" name="createOrgWithTypeAndIndustryTest" time="15.122"/>
  <system-out/>
</testsuite> <!-- testNgImplementationWithAssert.CreateOrgWithTypeAndIndustryTest -->
