<?xml version="1.0" encoding="UTF-8"?>
<!-- Generated by org.testng.reporters.JUnitReportReporter -->
<testsuite hostname="DESKTOP-9349TGQ" failures="0" tests="2" name="tastng.DisableTest" time="0.014" errors="0" timestamp="2024-07-26T10:41:33 IST" skipped="1">
  <testcase classname="tastng.DisableTest" name="demo3" time="0.014">
    <system-out>
      <![CDATA[Demo3]]>
    </system-out>
  </testcase> <!-- demo3 -->
  <testcase classname="tastng.DisableTest" name="demo2">
    <skipped/>
  </testcase> <!-- demo2 -->
  <system-out>
    <![CDATA[Demo3]]>
  </system-out>
</testsuite> <!-- tastng.DisableTest -->
