<?xml version="1.0" encoding="UTF-8"?>
<!-- Generated by org.testng.reporters.JUnitReportReporter -->
<testsuite hostname="DESKTOP-9349TGQ" failures="0" tests="5" name="PriortyFlagTest" time="0.030" errors="0" timestamp="2024-07-26T10:29:43 IST" skipped="0">
  <testcase classname="PriortyFlagTest" name="demo5" time="0.017">
    <system-out>
      <![CDATA[Demo5]]>
    </system-out>
  </testcase> <!-- demo5 -->
  <testcase classname="PriortyFlagTest" name="demo1" time="0.002">
    <system-out>
      <![CDATA[Demo1]]>
    </system-out>
  </testcase> <!-- demo1 -->
  <testcase classname="PriortyFlagTest" name="demo4" time="0.003">
    <system-out>
      <![CDATA[Demo4]]>
    </system-out>
  </testcase> <!-- demo4 -->
  <testcase classname="PriortyFlagTest" name="demo3" time="0.005">
    <system-out>
      <![CDATA[Demo3]]>
    </system-out>
  </testcase> <!-- demo3 -->
  <testcase classname="PriortyFlagTest" name="demo2" time="0.003">
    <system-out>
      <![CDATA[Demo2]]>
    </system-out>
  </testcase> <!-- demo2 -->
  <system-out>
    <![CDATA[Demo5
Demo1
Demo3
Demo4
Demo2]]>
  </system-out>
</testsuite> <!-- PriortyFlagTest -->
