<?xml version="1.0" encoding="UTF-8"?>
<!-- Generated by org.testng.reporters.JUnitReportReporter -->
<testsuite hostname="DESKTOP-9349TGQ" failures="0" tests="1" name="assertions.WhyNotIfElse" time="0.018" errors="0" timestamp="2024-07-29T13:41:15 IST" skipped="0">
  <testcase classname="assertions.WhyNotIfElse" name="demo" time="0.018"/>
</testsuite> <!-- assertions.WhyNotIfElse -->
