<?xml version="1.0" encoding="UTF-8"?>
<!-- Generated by org.testng.reporters.JUnitReportReporter -->
<testsuite hostname="DESKTOP-9349TGQ" failures="0" tests="1" name="tastng.samplesaaatest" time="0.020" errors="0" timestamp="2024-07-27T09:45:24 IST" skipped="0">
  <testcase classname="tastng.samplesaaatest" name="demo" time="0.020">
    <system-out>
      <![CDATA[Helow world]]>
    </system-out>
  </testcase> <!-- demo -->
  <system-out>
    <![CDATA[Helow world]]>
  </system-out>
</testsuite> <!-- tastng.samplesaaatest -->
