<?xml version="1.0" encoding="UTF-8"?>
<!-- Generated by org.testng.reporters.JUnitReportReporter -->
<testsuite hostname="DESKTOP-9349TGQ" failures="0" tests="1" name="testNgImplementation.CreateOrganizationTest" time="27.003" errors="0" timestamp="2024-07-31T10:13:33 IST" skipped="0">
  <testcase classname="testNgImplementation.CreateOrganizationTest" name="createOrgTest" time="27.003"/>
</testsuite> <!-- testNgImplementation.CreateOrganizationTest -->
