<?xml version="1.0" encoding="UTF-8"?>
<!-- Generated by org.testng.reporters.JUnitReportReporter -->
<testsuite hostname="DESKTOP-9349TGQ" failures="0" tests="1" name="testNgImplementationWithAssert.copy.CreateEventTest" time="42.065" errors="0" timestamp="2024-08-12T10:01:54 IST" skipped="0">
  <testcase classname="testNgImplementationWithAssert.copy.CreateEventTest" name="createEventTest" time="42.065"/>
  <system-out/>
</testsuite> <!-- testNgImplementationWithAssert.copy.CreateEventTest -->
