<?xml version="1.0" encoding="UTF-8"?>
<!-- Generated by org.testng.reporters.JUnitReportReporter -->
<testsuite hostname="DESKTOP-9349TGQ" failures="0" tests="1" name="testNgImplementationWithAssert.CreateAndDuplicateLeadTest" time="16.757" errors="0" timestamp="2024-08-05T10:41:37 IST" skipped="0">
  <testcase classname="testNgImplementationWithAssert.CreateAndDuplicateLeadTest" name="createAndDuplicateLeadTest" time="16.757"/>
  <system-out/>
</testsuite> <!-- testNgImplementationWithAssert.CreateAndDuplicateLeadTest -->
