<?xml version="1.0" encoding="UTF-8"?>
<!-- Generated by org.testng.reporters.JUnitReportReporter -->
<testsuite hostname="DESKTOP-9349TGQ" failures="0" tests="1" name="tastng.Sample" time="0.015" errors="0" timestamp="2024-08-10T09:59:41 IST" skipped="0">
  <testcase classname="tastng.Sample" name="demo" time="0.015"/>
  <system-out>
    <![CDATA[Helow world]]>
  </system-out>
</testsuite> <!-- tastng.Sample -->
