<?xml version="1.0" encoding="UTF-8"?>
<!-- Generated by org.testng.reporters.JUnitReportReporter -->
<testsuite hostname="DESKTOP-9349TGQ" failures="0" tests="1" name="testNgImplementation.CreateORG" time="42.132" errors="0" timestamp="2024-07-27T15:57:52 IST" skipped="0">
  <testcase classname="testNgImplementation.CreateORG" name="createOrgTest" time="42.132"/>
</testsuite> <!-- testNgImplementation.CreateORG -->
