<?xml version="1.0" encoding="UTF-8"?>
<!-- Generated by org.testng.reporters.JUnitReportReporter -->
<testsuite hostname="DESKTOP-9349TGQ" failures="0" tests="1" name="testNgImplementationWithAssert.copy.CreateOrgWithTypeAndIndustryTest" time="51.587" errors="0" timestamp="2024-08-15T14:46:15 IST" skipped="0">
  <testcase classname="testNgImplementationWithAssert.copy.CreateOrgWithTypeAndIndustryTest" name="createOrgWithTypeAndIndustryTest" time="51.587"/>
  <system-out/>
</testsuite> <!-- testNgImplementationWithAssert.copy.CreateOrgWithTypeAndIndustryTest -->
