<?xml version="1.0" encoding="UTF-8"?>
<!-- Generated by org.testng.reporters.JUnitReportReporter -->
<testsuite hostname="DESKTOP-9349TGQ" failures="0" tests="4" name="tastng.InvocationCountTest" time="0.035" errors="0" timestamp="2024-07-26T10:37:17 IST" skipped="0">
  <testcase classname="tastng.InvocationCountTest" name="demo2" time="0.006">
    <system-out>
      <![CDATA[Demo2]]>
    </system-out>
  </testcase> <!-- demo2 -->
  <testcase classname="tastng.InvocationCountTest" name="demo2" time="0.009">
    <system-out>
      <![CDATA[Demo2]]>
    </system-out>
  </testcase> <!-- demo2 -->
  <testcase classname="tastng.InvocationCountTest" name="demo3" time="0.003">
    <system-out>
      <![CDATA[Demo3]]>
    </system-out>
  </testcase> <!-- demo3 -->
  <testcase classname="tastng.InvocationCountTest" name="demo2" time="0.017">
    <system-out>
      <![CDATA[Demo2]]>
    </system-out>
  </testcase> <!-- demo2 -->
  <system-out>
    <![CDATA[Demo2
Demo2
Demo2
Demo3]]>
  </system-out>
</testsuite> <!-- tastng.InvocationCountTest -->
