<?xml version="1.0" encoding="UTF-8"?>
<!-- Generated by org.testng.reporters.JUnitReportReporter -->
<testsuite hostname="DESKTOP-9349TGQ" failures="0" tests="3" name="tastng.DataProvidersTest" time="0.030" errors="0" timestamp="2024-08-08T09:47:48 IST" skipped="0">
  <testcase classname="tastng.DataProvidersTest" name="bookTicketTest" time="0.018"/>
  <system-out/>
  <testcase classname="tastng.DataProvidersTest" name="bookTicketTest" time="0.004"/>
  <system-out/>
  <testcase classname="tastng.DataProvidersTest" name="bookTicketTest" time="0.008"/>
  <system-out/>
</testsuite> <!-- tastng.DataProvidersTest -->
