<?xml version="1.0" encoding="UTF-8"?>
<!-- Generated by org.testng.reporters.JUnitReportReporter -->
<testsuite hostname="DESKTOP-9349TGQ" failures="0" tests="1" name="testNgImplementationWithAssert.copy.CreateOrganizationTest" time="15.171" errors="0" timestamp="2024-08-15T14:47:28 IST" skipped="0">
  <testcase classname="testNgImplementationWithAssert.copy.CreateOrganizationTest" name="createOrgTest" time="15.171"/>
  <system-out/>
</testsuite> <!-- testNgImplementationWithAssert.copy.CreateOrganizationTest -->
